2022-03-23 15:33:20,876:WARNING:discord.client:PyNaCl is not installed, voice will NOT be supported
2022-03-23 15:33:20,877:DEBUG:discord.client:on_ready has successfully been registered as an event
2022-03-23 15:33:20,877:DEBUG:discord.client:on_message has successfully been registered as an event
2022-03-23 15:33:20,877:DEBUG:discord.client:on_member_join has successfully been registered as an event
2022-03-23 15:33:20,879:INFO:discord.client:logging in using static token
2022-03-23 15:33:21,025:DEBUG:discord.http:GET https://discord.com/api/v7/users/@me with None has returned 200
2022-03-23 15:33:21,025:DEBUG:discord.http:GET https://discord.com/api/v7/users/@me has received {'id': '954070032307073085', 'username': 'Wrasslin Bets Bot', 'avatar': None, 'discriminator': '0628', 'public_flags': 0, 'flags': 0, 'bot': True, 'banner': None, 'banner_color': None, 'accent_color': None, 'bio': '', 'locale': 'en-US', 'mfa_enabled': False, 'email': None, 'verified': True}
2022-03-23 15:33:21,048:DEBUG:discord.http:GET https://discord.com/api/v7/gateway with None has returned 200
2022-03-23 15:33:21,048:DEBUG:discord.http:GET https://discord.com/api/v7/gateway has received {'url': 'wss://gateway.discord.gg'}
2022-03-23 15:33:21,146:DEBUG:discord.gateway:Created websocket connected to wss://gateway.discord.gg?encoding=json&v=6&compress=zlib-stream
2022-03-23 15:33:21,147:DEBUG:discord.client:Dispatching event socket_raw_receive
2022-03-23 15:33:21,147:DEBUG:discord.gateway:For Shard ID None: WebSocket Event: {'t': None, 's': None, 'op': 10, 'd': {'heartbeat_interval': 41250, '_trace': ['["gateway-prd-main-g05n",{"micros":0.0}]']}}
2022-03-23 15:33:21,147:DEBUG:discord.client:Dispatching event socket_response
2022-03-23 15:33:21,148:DEBUG:discord.client:Dispatching event socket_raw_send
2022-03-23 15:33:21,148:DEBUG:discord.client:Dispatching event socket_raw_send
2022-03-23 15:33:21,149:INFO:discord.gateway:Shard ID None has sent the IDENTIFY payload.
2022-03-23 15:33:21,186:DEBUG:discord.client:Dispatching event socket_raw_receive
2022-03-23 15:33:21,186:DEBUG:discord.gateway:For Shard ID None: WebSocket Event: {'t': None, 's': None, 'op': 11, 'd': None}
2022-03-23 15:33:21,186:DEBUG:discord.client:Dispatching event socket_response
2022-03-23 15:33:21,253:DEBUG:discord.client:Dispatching event socket_raw_receive
2022-03-23 15:33:21,254:DEBUG:discord.gateway:For Shard ID None: WebSocket Event: {'t': 'READY', 's': 1, 'op': 0, 'd': {'v': 6, 'user_settings': {}, 'user': {'verified': True, 'username': 'Wrasslin Bets Bot', 'mfa_enabled': False, 'id': '954070032307073085', 'flags': 0, 'email': None, 'discriminator': '0628', 'bot': True, 'avatar': None}, 'session_id': '1dfdd877685b7fc22269fb15b24ea828', 'relationships': [], 'private_channels': [], 'presences': [], 'guilds': [{'unavailable': True, 'id': '954071355236708402'}], 'guild_join_requests': [], 'geo_ordered_rtc_regions': ['us-central', 'us-south', 'atlanta', 'us-east', 'newark'], 'application': {'id': '954070032307073085', 'flags': 819200}, '_trace': ['["gateway-prd-main-g05n",{"micros":65706,"calls":["discord-sessions-blue-prd-2-13",{"micros":58806,"calls":["start_session",{"micros":51464,"calls":["discord-api-598dddfffd-7k6xh",{"micros":46729,"calls":["get_user",{"micros":7843},"add_authorized_ip",{"micros":2465},"get_guilds",{"micros":4521},"coros_wait",{"micros":2}]}]},"guilds_connect",{"micros":2,"calls":[]},"presence_connect",{"micros":6685,"calls":[]}]}]}]']}}
2022-03-23 15:33:21,254:DEBUG:discord.client:Dispatching event socket_response
2022-03-23 15:33:21,254:INFO:discord.gateway:Shard ID None has connected to Gateway: ["gateway-prd-main-g05n",{"micros":65706,"calls":["discord-sessions-blue-prd-2-13",{"micros":58806,"calls":["start_session",{"micros":51464,"calls":["discord-api-598dddfffd-7k6xh",{"micros":46729,"calls":["get_user",{"micros":7843},"add_authorized_ip",{"micros":2465},"get_guilds",{"micros":4521},"coros_wait",{"micros":2}]}]},"guilds_connect",{"micros":2,"calls":[]},"presence_connect",{"micros":6685,"calls":[]}]}]}] (Session ID: 1dfdd877685b7fc22269fb15b24ea828).
2022-03-23 15:33:21,296:DEBUG:discord.client:Dispatching event connect
2022-03-23 15:33:21,296:DEBUG:discord.client:Dispatching event socket_raw_receive
2022-03-23 15:33:21,297:DEBUG:discord.gateway:For Shard ID None: WebSocket Event: {'t': 'GUILD_CREATE', 's': 2, 'op': 0, 'd': {'name': "Minimushroomman's BOT Test server", 'owner_id': '414978235135164438', 'afk_timeout': 300, 'system_channel_id': '954071355236708405', 'nsfw_level': 0, 'max_video_channel_users': 25, 'application_id': None, 'premium_subscription_count': 0, 'lazy': True, 'members': [{'user': {'username': 'Wrasslin Bets Bot', 'id': '954070032307073085', 'discriminator': '0628', 'bot': True, 'avatar': None}, 'roles': ['954091797708157013'], 'mute': False, 'joined_at': '2022-03-17T19:00:10.819000+00:00', 'hoisted_role': None, 'deaf': False}], 'emojis': [], 'voice_states': [], 'splash': None, 'system_channel_flags': 0, 'stickers': [], 'stage_instances': [], 'channels': [{'type': 4, 'position': 0, 'permission_overwrites': [], 'name': 'Text Channels', 'id': '954071355236708403'}, {'type': 4, 'position': 0, 'permission_overwrites': [], 'name': 'Voice Channels', 'id': '954071355236708404'}, {'type': 0, 'topic': None, 'rate_limit_per_user': 0, 'position': 0, 'permission_overwrites': [], 'parent_id': '954071355236708403', 'name': 'general', 'last_message_id': '956210110030565436', 'id': '954071355236708405'}, {'user_limit': 0, 'type': 2, 'rtc_region': None, 'rate_limit_per_user': 0, 'position': 0, 'permission_overwrites': [], 'parent_id': '954071355236708404', 'name': 'General', 'last_message_id': None, 'id': '954071355236708406', 'bitrate': 64000}], 'guild_hashes': {'version': 1, 'roles': {'omitted': False, 'hash': 'sZB7+7ww/3I'}, 'metadata': {'omitted': False, 'hash': 'yw9xlR0eULM'}, 'channels': {'omitted': False, 'hash': 'jcyOfU4sJK8'}}, 'discovery_splash': None, 'explicit_content_filter': 0, 'unavailable': False, 'joined_at': '2022-03-17T19:00:10.819000+00:00', 'roles': [{'unicode_emoji': None, 'position': 0, 'permissions_new': '1071698660929', 'permissions': 104320577, 'name': '@everyone', 'mentionable': False, 'managed': False, 'id': '954071355236708402', 'icon': None, 'hoist': False, 'color': 0}, {'unicode_emoji': None, 'tags': {'bot_id': '954070032307073085'}, 'position': 1, 'permissions_new': '543783648320', 'permissions': 470285376, 'name': 'Wrasslin Bets Bot', 'mentionable': False, 'managed': True, 'id': '954091797708157013', 'icon': None, 'hoist': False, 'color': 0}], 'afk_channel_id': None, 'mfa_level': 0, 'description': None, 'guild_scheduled_events': [], 'verification_level': 0, 'member_count': 2, 'large': False, 'threads': [], 'public_updates_channel_id': None, 'vanity_url_code': None, 'icon': None, 'premium_tier': 0, 'preferred_locale': 'en-US', 'nsfw': False, 'features': [], 'id': '954071355236708402', 'banner': None, 'embedded_activities': [], 'hub_type': None, 'application_command_count': 0, 'presences': [], 'max_members': 500000, 'premium_progress_bar_enabled': False, 'default_message_notifications': 0, 'region': 'deprecated', 'rules_channel_id': None, 'application_command_counts': {'3': 0, '2': 0, '1': 0}}}
2022-03-23 15:33:21,297:DEBUG:discord.client:Dispatching event socket_response
2022-03-23 15:33:21,298:DEBUG:discord.client:Dispatching event socket_raw_send
2022-03-23 15:33:21,361:DEBUG:discord.client:Dispatching event socket_raw_receive
2022-03-23 15:33:21,362:DEBUG:discord.gateway:For Shard ID None: WebSocket Event: {'t': 'GUILD_MEMBERS_CHUNK', 's': 3, 'op': 0, 'd': {'nonce': '2c26fd01ba3a1634117daf6d52b83bff', 'members': [{'user': {'username': 'Minimushroomman', 'id': '414978235135164438', 'discriminator': '5418', 'avatar': 'a85cabfcec5d383d4bda34e68f895a57'}, 'roles': [], 'mute': False, 'joined_at': '2022-03-17T17:38:56.884000+00:00', 'hoisted_role': None, 'deaf': False}, {'user': {'username': 'Wrasslin Bets Bot', 'id': '954070032307073085', 'discriminator': '0628', 'bot': True, 'avatar': None}, 'roles': ['954091797708157013'], 'mute': False, 'joined_at': '2022-03-17T19:00:10.819000+00:00', 'hoisted_role': None, 'deaf': False}], 'guild_id': '954071355236708402', 'chunk_index': 0, 'chunk_count': 1}}
2022-03-23 15:33:21,362:DEBUG:discord.client:Dispatching event socket_response
2022-03-23 15:33:21,362:DEBUG:discord.state:Processed a chunk for 2 members in guild ID 954071355236708402.
2022-03-23 15:33:23,301:DEBUG:discord.client:Dispatching event guild_available
2022-03-23 15:33:23,301:DEBUG:discord.client:Dispatching event ready
2022-03-23 15:33:26,237:DEBUG:discord.client:Dispatching event socket_raw_receive
2022-03-23 15:33:26,237:DEBUG:discord.gateway:For Shard ID None: WebSocket Event: {'t': 'TYPING_START', 's': 4, 'op': 0, 'd': {'user_id': '414978235135164438', 'timestamp': 1648049606, 'member': {'user': {'username': 'Minimushroomman', 'id': '414978235135164438', 'discriminator': '5418', 'avatar': 'a85cabfcec5d383d4bda34e68f895a57'}, 'roles': [], 'mute': False, 'joined_at': '2022-03-17T17:38:56.884000+00:00', 'hoisted_role': None, 'deaf': False}, 'channel_id': '954071355236708405', 'guild_id': '954071355236708402'}}
2022-03-23 15:33:26,238:DEBUG:discord.client:Dispatching event socket_response
2022-03-23 15:33:26,238:DEBUG:discord.client:Dispatching event typing
2022-03-23 15:33:26,700:DEBUG:discord.client:Dispatching event socket_raw_receive
2022-03-23 15:33:26,701:DEBUG:discord.gateway:For Shard ID None: WebSocket Event: {'t': 'MESSAGE_CREATE', 's': 5, 'op': 0, 'd': {'type': 0, 'tts': False, 'timestamp': '2022-03-23T15:33:26.639000+00:00', 'referenced_message': None, 'pinned': False, 'nonce': '956214098381504512', 'mentions': [], 'mention_roles': [], 'mention_everyone': False, 'member': {'roles': [], 'mute': False, 'joined_at': '2022-03-17T17:38:56.884000+00:00', 'hoisted_role': None, 'deaf': False}, 'id': '956214098322939914', 'flags': 0, 'embeds': [], 'edited_timestamp': None, 'content': '!list', 'components': [], 'channel_id': '954071355236708405', 'author': {'username': 'Minimushroomman', 'public_flags': 0, 'id': '414978235135164438', 'discriminator': '5418', 'avatar': 'a85cabfcec5d383d4bda34e68f895a57'}, 'attachments': [], 'guild_id': '954071355236708402'}}
2022-03-23 15:33:26,701:DEBUG:discord.client:Dispatching event socket_response
2022-03-23 15:33:26,701:DEBUG:discord.client:Dispatching event message
2022-03-23 15:33:26,702:DEBUG:discord.client:Dispatching event command
2022-03-23 15:33:27,015:DEBUG:discord.client:Dispatching event socket_raw_receive
2022-03-23 15:33:27,016:DEBUG:discord.gateway:For Shard ID None: WebSocket Event: {'t': 'MESSAGE_CREATE', 's': 6, 'op': 0, 'd': {'type': 0, 'tts': False, 'timestamp': '2022-03-23T15:33:26.985000+00:00', 'referenced_message': None, 'pinned': False, 'mentions': [], 'mention_roles': [], 'mention_everyone': False, 'member': {'roles': ['954091797708157013'], 'mute': False, 'joined_at': '2022-03-17T19:00:10.819000+00:00', 'hoisted_role': None, 'deaf': False}, 'id': '956214099774148608', 'flags': 0, 'embeds': [], 'edited_timestamp': None, 'content': 'List of current wrestlers Boblin(0,0), Godler(3,5), GMan(0,0),', 'components': [], 'channel_id': '954071355236708405', 'author': {'username': 'Wrasslin Bets Bot', 'public_flags': 0, 'id': '954070032307073085', 'discriminator': '0628', 'bot': True, 'avatar': None}, 'attachments': [], 'guild_id': '954071355236708402'}}
2022-03-23 15:33:27,017:DEBUG:discord.client:Dispatching event socket_response
2022-03-23 15:33:27,017:DEBUG:discord.client:Dispatching event message
2022-03-23 15:33:27,034:DEBUG:discord.http:POST https://discord.com/api/v7/channels/954071355236708405/messages with {"content":"List of current wrestlers Boblin(0,0), Godler(3,5), GMan(0,0), "} has returned 200
2022-03-23 15:33:27,034:DEBUG:discord.http:POST https://discord.com/api/v7/channels/954071355236708405/messages has received {'id': '956214099774148608', 'type': 0, 'content': 'List of current wrestlers Boblin(0,0), Godler(3,5), GMan(0,0),', 'channel_id': '954071355236708405', 'author': {'id': '954070032307073085', 'username': 'Wrasslin Bets Bot', 'avatar': None, 'discriminator': '0628', 'public_flags': 0, 'bot': True}, 'attachments': [], 'embeds': [], 'mentions': [], 'mention_roles': [], 'pinned': False, 'mention_everyone': False, 'tts': False, 'timestamp': '2022-03-23T15:33:26.985000+00:00', 'edited_timestamp': None, 'flags': 0, 'components': [], 'referenced_message': None}
2022-03-23 15:33:27,034:DEBUG:discord.client:Dispatching event command_completion
2022-03-23 15:33:33,755:DEBUG:discord.client:Dispatching event socket_raw_receive
2022-03-23 15:33:33,756:DEBUG:discord.gateway:For Shard ID None: WebSocket Event: {'t': 'TYPING_START', 's': 7, 'op': 0, 'd': {'user_id': '414978235135164438', 'timestamp': 1648049613, 'member': {'user': {'username': 'Minimushroomman', 'id': '414978235135164438', 'discriminator': '5418', 'avatar': 'a85cabfcec5d383d4bda34e68f895a57'}, 'roles': [], 'mute': False, 'joined_at': '2022-03-17T17:38:56.884000+00:00', 'hoisted_role': None, 'deaf': False}, 'channel_id': '954071355236708405', 'guild_id': '954071355236708402'}}
2022-03-23 15:33:33,756:DEBUG:discord.client:Dispatching event socket_response
2022-03-23 15:33:33,756:DEBUG:discord.client:Dispatching event typing
2022-03-23 15:33:41,834:DEBUG:discord.client:Dispatching event socket_raw_receive
2022-03-23 15:33:41,834:DEBUG:discord.gateway:For Shard ID None: WebSocket Event: {'t': 'TYPING_START', 's': 8, 'op': 0, 'd': {'user_id': '414978235135164438', 'timestamp': 1648049621, 'member': {'user': {'username': 'Minimushroomman', 'id': '414978235135164438', 'discriminator': '5418', 'avatar': 'a85cabfcec5d383d4bda34e68f895a57'}, 'roles': [], 'mute': False, 'joined_at': '2022-03-17T17:38:56.884000+00:00', 'hoisted_role': None, 'deaf': False}, 'channel_id': '954071355236708405', 'guild_id': '954071355236708402'}}
2022-03-23 15:33:41,834:DEBUG:discord.client:Dispatching event socket_response
2022-03-23 15:33:41,834:DEBUG:discord.client:Dispatching event typing
2022-03-23 15:33:46,880:DEBUG:discord.client:Dispatching event socket_raw_receive
2022-03-23 15:33:46,881:DEBUG:discord.gateway:For Shard ID None: WebSocket Event: {'t': 'MESSAGE_CREATE', 's': 9, 'op': 0, 'd': {'type': 0, 'tts': False, 'timestamp': '2022-03-23T15:33:46.848000+00:00', 'referenced_message': None, 'pinned': False, 'nonce': '956214183366492160', 'mentions': [], 'mention_roles': [], 'mention_everyone': False, 'member': {'roles': [], 'mute': False, 'joined_at': '2022-03-17T17:38:56.884000+00:00', 'hoisted_role': None, 'deaf': False}, 'id': '956214183085637753', 'flags': 0, 'embeds': [], 'edited_timestamp': None, 'content': '!setrecord GMan 5 5', 'components': [], 'channel_id': '954071355236708405', 'author': {'username': 'Minimushroomman', 'public_flags': 0, 'id': '414978235135164438', 'discriminator': '5418', 'avatar': 'a85cabfcec5d383d4bda34e68f895a57'}, 'attachments': [], 'guild_id': '954071355236708402'}}
2022-03-23 15:33:46,881:DEBUG:discord.client:Dispatching event socket_response
2022-03-23 15:33:46,881:DEBUG:discord.client:Dispatching event message
2022-03-23 15:33:46,882:DEBUG:discord.client:Dispatching event command
2022-03-23 15:33:47,462:DEBUG:discord.client:Dispatching event socket_raw_receive
2022-03-23 15:33:47,463:DEBUG:discord.gateway:For Shard ID None: WebSocket Event: {'t': 'MESSAGE_CREATE', 's': 10, 'op': 0, 'd': {'type': 0, 'tts': False, 'timestamp': '2022-03-23T15:33:47.405000+00:00', 'referenced_message': None, 'pinned': False, 'mentions': [], 'mention_roles': [], 'mention_everyone': False, 'member': {'roles': ['954091797708157013'], 'mute': False, 'joined_at': '2022-03-17T19:00:10.819000+00:00', 'hoisted_role': None, 'deaf': False}, 'id': '956214185421865050', 'flags': 0, 'embeds': [], 'edited_timestamp': None, 'content': 'Wrestler GMan record adjusted to (5,5)', 'components': [], 'channel_id': '954071355236708405', 'author': {'username': 'Wrasslin Bets Bot', 'public_flags': 0, 'id': '954070032307073085', 'discriminator': '0628', 'bot': True, 'avatar': None}, 'attachments': [], 'guild_id': '954071355236708402'}}
2022-03-23 15:33:47,463:DEBUG:discord.client:Dispatching event socket_response
2022-03-23 15:33:47,463:DEBUG:discord.client:Dispatching event message
2022-03-23 15:33:47,530:DEBUG:discord.http:POST https://discord.com/api/v7/channels/954071355236708405/messages with {"content":"Wrestler GMan record adjusted to (5,5)"} has returned 200
2022-03-23 15:33:47,530:DEBUG:discord.http:POST https://discord.com/api/v7/channels/954071355236708405/messages has received {'id': '956214185421865050', 'type': 0, 'content': 'Wrestler GMan record adjusted to (5,5)', 'channel_id': '954071355236708405', 'author': {'id': '954070032307073085', 'username': 'Wrasslin Bets Bot', 'avatar': None, 'discriminator': '0628', 'public_flags': 0, 'bot': True}, 'attachments': [], 'embeds': [], 'mentions': [], 'mention_roles': [], 'pinned': False, 'mention_everyone': False, 'tts': False, 'timestamp': '2022-03-23T15:33:47.405000+00:00', 'edited_timestamp': None, 'flags': 0, 'components': [], 'referenced_message': None}
2022-03-23 15:33:47,531:DEBUG:discord.client:Dispatching event command_completion
2022-03-23 15:33:49,912:DEBUG:discord.client:Dispatching event socket_raw_receive
2022-03-23 15:33:49,912:DEBUG:discord.gateway:For Shard ID None: WebSocket Event: {'t': 'TYPING_START', 's': 11, 'op': 0, 'd': {'user_id': '414978235135164438', 'timestamp': 1648049629, 'member': {'user': {'username': 'Minimushroomman', 'id': '414978235135164438', 'discriminator': '5418', 'avatar': 'a85cabfcec5d383d4bda34e68f895a57'}, 'roles': [], 'mute': False, 'joined_at': '2022-03-17T17:38:56.884000+00:00', 'hoisted_role': None, 'deaf': False}, 'channel_id': '954071355236708405', 'guild_id': '954071355236708402'}}
2022-03-23 15:33:49,912:DEBUG:discord.client:Dispatching event socket_response
2022-03-23 15:33:49,912:DEBUG:discord.client:Dispatching event typing
2022-03-23 15:33:50,812:DEBUG:discord.client:Dispatching event socket_raw_receive
2022-03-23 15:33:50,813:DEBUG:discord.gateway:For Shard ID None: WebSocket Event: {'t': 'MESSAGE_CREATE', 's': 12, 'op': 0, 'd': {'type': 0, 'tts': False, 'timestamp': '2022-03-23T15:33:50.715000+00:00', 'referenced_message': None, 'pinned': False, 'nonce': '956214199862689792', 'mentions': [], 'mention_roles': [], 'mention_everyone': False, 'member': {'roles': [], 'mute': False, 'joined_at': '2022-03-17T17:38:56.884000+00:00', 'hoisted_role': None, 'deaf': False}, 'id': '956214199304982539', 'flags': 0, 'embeds': [], 'edited_timestamp': None, 'content': '!list', 'components': [], 'channel_id': '954071355236708405', 'author': {'username': 'Minimushroomman', 'public_flags': 0, 'id': '414978235135164438', 'discriminator': '5418', 'avatar': 'a85cabfcec5d383d4bda34e68f895a57'}, 'attachments': [], 'guild_id': '954071355236708402'}}
2022-03-23 15:33:50,813:DEBUG:discord.client:Dispatching event socket_response
2022-03-23 15:33:50,813:DEBUG:discord.client:Dispatching event message
2022-03-23 15:33:50,814:DEBUG:discord.client:Dispatching event command
2022-03-23 15:33:51,226:DEBUG:discord.client:Dispatching event socket_raw_receive
2022-03-23 15:33:51,226:DEBUG:discord.gateway:For Shard ID None: WebSocket Event: {'t': 'MESSAGE_CREATE', 's': 13, 'op': 0, 'd': {'type': 0, 'tts': False, 'timestamp': '2022-03-23T15:33:51.183000+00:00', 'referenced_message': None, 'pinned': False, 'mentions': [], 'mention_roles': [], 'mention_everyone': False, 'member': {'roles': ['954091797708157013'], 'mute': False, 'joined_at': '2022-03-17T19:00:10.819000+00:00', 'hoisted_role': None, 'deaf': False}, 'id': '956214201267912734', 'flags': 0, 'embeds': [], 'edited_timestamp': None, 'content': 'List of current wrestlers Boblin(0,0), Godler(3,5), GMan(5,5),', 'components': [], 'channel_id': '954071355236708405', 'author': {'username': 'Wrasslin Bets Bot', 'public_flags': 0, 'id': '954070032307073085', 'discriminator': '0628', 'bot': True, 'avatar': None}, 'attachments': [], 'guild_id': '954071355236708402'}}
2022-03-23 15:33:51,226:DEBUG:discord.client:Dispatching event socket_response
2022-03-23 15:33:51,227:DEBUG:discord.client:Dispatching event message
2022-03-23 15:33:51,245:DEBUG:discord.http:POST https://discord.com/api/v7/channels/954071355236708405/messages with {"content":"List of current wrestlers Boblin(0,0), Godler(3,5), GMan(5,5), "} has returned 200
2022-03-23 15:33:51,246:DEBUG:discord.http:POST https://discord.com/api/v7/channels/954071355236708405/messages has received {'id': '956214201267912734', 'type': 0, 'content': 'List of current wrestlers Boblin(0,0), Godler(3,5), GMan(5,5),', 'channel_id': '954071355236708405', 'author': {'id': '954070032307073085', 'username': 'Wrasslin Bets Bot', 'avatar': None, 'discriminator': '0628', 'public_flags': 0, 'bot': True}, 'attachments': [], 'embeds': [], 'mentions': [], 'mention_roles': [], 'pinned': False, 'mention_everyone': False, 'tts': False, 'timestamp': '2022-03-23T15:33:51.183000+00:00', 'edited_timestamp': None, 'flags': 0, 'components': [], 'referenced_message': None}
2022-03-23 15:33:51,246:DEBUG:discord.client:Dispatching event command_completion
2022-03-23 15:33:54,943:DEBUG:discord.client:Dispatching event socket_raw_receive
2022-03-23 15:33:54,944:DEBUG:discord.gateway:For Shard ID None: WebSocket Event: {'t': 'TYPING_START', 's': 14, 'op': 0, 'd': {'user_id': '414978235135164438', 'timestamp': 1648049634, 'member': {'user': {'username': 'Minimushroomman', 'id': '414978235135164438', 'discriminator': '5418', 'avatar': 'a85cabfcec5d383d4bda34e68f895a57'}, 'roles': [], 'mute': False, 'joined_at': '2022-03-17T17:38:56.884000+00:00', 'hoisted_role': None, 'deaf': False}, 'channel_id': '954071355236708405', 'guild_id': '954071355236708402'}}
2022-03-23 15:33:54,944:DEBUG:discord.client:Dispatching event socket_response
2022-03-23 15:33:54,944:DEBUG:discord.client:Dispatching event typing
2022-03-23 15:34:02,399:DEBUG:discord.gateway:Keeping shard ID None websocket alive with sequence 14.
2022-03-23 15:34:02,451:DEBUG:discord.client:Dispatching event socket_raw_receive
2022-03-23 15:34:02,451:DEBUG:discord.gateway:For Shard ID None: WebSocket Event: {'t': None, 's': None, 'op': 11, 'd': None}
2022-03-23 15:34:02,451:DEBUG:discord.client:Dispatching event socket_response
2022-03-23 15:34:03,078:DEBUG:discord.client:Dispatching event socket_raw_receive
2022-03-23 15:34:03,079:DEBUG:discord.gateway:For Shard ID None: WebSocket Event: {'t': 'TYPING_START', 's': 15, 'op': 0, 'd': {'user_id': '414978235135164438', 'timestamp': 1648049643, 'member': {'user': {'username': 'Minimushroomman', 'id': '414978235135164438', 'discriminator': '5418', 'avatar': 'a85cabfcec5d383d4bda34e68f895a57'}, 'roles': [], 'mute': False, 'joined_at': '2022-03-17T17:38:56.884000+00:00', 'hoisted_role': None, 'deaf': False}, 'channel_id': '954071355236708405', 'guild_id': '954071355236708402'}}
2022-03-23 15:34:03,079:DEBUG:discord.client:Dispatching event socket_response
2022-03-23 15:34:03,079:DEBUG:discord.client:Dispatching event typing
2022-03-23 15:34:03,278:DEBUG:discord.client:Dispatching event socket_raw_receive
2022-03-23 15:34:03,279:DEBUG:discord.gateway:For Shard ID None: WebSocket Event: {'t': 'MESSAGE_CREATE', 's': 16, 'op': 0, 'd': {'type': 0, 'tts': False, 'timestamp': '2022-03-23T15:34:03.244000+00:00', 'referenced_message': None, 'pinned': False, 'nonce': '956214252081774592', 'mentions': [], 'mention_roles': [], 'mention_everyone': False, 'member': {'roles': [], 'mute': False, 'joined_at': '2022-03-17T17:38:56.884000+00:00', 'hoisted_role': None, 'deaf': False}, 'id': '956214251855413268', 'flags': 0, 'embeds': [], 'edited_timestamp': None, 'content': '!setrecord Boblin 3 3', 'components': [], 'channel_id': '954071355236708405', 'author': {'username': 'Minimushroomman', 'public_flags': 0, 'id': '414978235135164438', 'discriminator': '5418', 'avatar': 'a85cabfcec5d383d4bda34e68f895a57'}, 'attachments': [], 'guild_id': '954071355236708402'}}
2022-03-23 15:34:03,279:DEBUG:discord.client:Dispatching event socket_response
2022-03-23 15:34:03,279:DEBUG:discord.client:Dispatching event message
2022-03-23 15:34:03,280:DEBUG:discord.client:Dispatching event command
2022-03-23 15:34:03,703:DEBUG:discord.client:Dispatching event socket_raw_receive
2022-03-23 15:34:03,703:DEBUG:discord.gateway:For Shard ID None: WebSocket Event: {'t': 'MESSAGE_CREATE', 's': 17, 'op': 0, 'd': {'type': 0, 'tts': False, 'timestamp': '2022-03-23T15:34:03.581000+00:00', 'referenced_message': None, 'pinned': False, 'mentions': [], 'mention_roles': [], 'mention_everyone': False, 'member': {'roles': ['954091797708157013'], 'mute': False, 'joined_at': '2022-03-17T19:00:10.819000+00:00', 'hoisted_role': None, 'deaf': False}, 'id': '956214253268905988', 'flags': 0, 'embeds': [], 'edited_timestamp': None, 'content': 'Wrestler Boblin record adjusted to (3,3)', 'components': [], 'channel_id': '954071355236708405', 'author': {'username': 'Wrasslin Bets Bot', 'public_flags': 0, 'id': '954070032307073085', 'discriminator': '0628', 'bot': True, 'avatar': None}, 'attachments': [], 'guild_id': '954071355236708402'}}
2022-03-23 15:34:03,704:DEBUG:discord.client:Dispatching event socket_response
2022-03-23 15:34:03,704:DEBUG:discord.client:Dispatching event message
2022-03-23 15:34:03,716:DEBUG:discord.http:POST https://discord.com/api/v7/channels/954071355236708405/messages with {"content":"Wrestler Boblin record adjusted to (3,3)"} has returned 200
2022-03-23 15:34:03,716:DEBUG:discord.http:POST https://discord.com/api/v7/channels/954071355236708405/messages has received {'id': '956214253268905988', 'type': 0, 'content': 'Wrestler Boblin record adjusted to (3,3)', 'channel_id': '954071355236708405', 'author': {'id': '954070032307073085', 'username': 'Wrasslin Bets Bot', 'avatar': None, 'discriminator': '0628', 'public_flags': 0, 'bot': True}, 'attachments': [], 'embeds': [], 'mentions': [], 'mention_roles': [], 'pinned': False, 'mention_everyone': False, 'tts': False, 'timestamp': '2022-03-23T15:34:03.581000+00:00', 'edited_timestamp': None, 'flags': 0, 'components': [], 'referenced_message': None}
2022-03-23 15:34:03,716:DEBUG:discord.client:Dispatching event command_completion
2022-03-23 15:34:06,284:DEBUG:discord.client:Dispatching event socket_raw_receive
2022-03-23 15:34:06,284:DEBUG:discord.gateway:For Shard ID None: WebSocket Event: {'t': 'MESSAGE_CREATE', 's': 18, 'op': 0, 'd': {'type': 0, 'tts': False, 'timestamp': '2022-03-23T15:34:06.247000+00:00', 'referenced_message': None, 'pinned': False, 'nonce': '956214264727601152', 'mentions': [], 'mention_roles': [], 'mention_everyone': False, 'member': {'roles': [], 'mute': False, 'joined_at': '2022-03-17T17:38:56.884000+00:00', 'hoisted_role': None, 'deaf': False}, 'id': '956214264450920469', 'flags': 0, 'embeds': [], 'edited_timestamp': None, 'content': '!list', 'components': [], 'channel_id': '954071355236708405', 'author': {'username': 'Minimushroomman', 'public_flags': 0, 'id': '414978235135164438', 'discriminator': '5418', 'avatar': 'a85cabfcec5d383d4bda34e68f895a57'}, 'attachments': [], 'guild_id': '954071355236708402'}}
2022-03-23 15:34:06,284:DEBUG:discord.client:Dispatching event socket_response
2022-03-23 15:34:06,285:DEBUG:discord.client:Dispatching event message
2022-03-23 15:34:06,285:DEBUG:discord.client:Dispatching event command
2022-03-23 15:34:06,747:DEBUG:discord.client:Dispatching event socket_raw_receive
2022-03-23 15:34:06,750:DEBUG:discord.gateway:For Shard ID None: WebSocket Event: {'t': 'MESSAGE_CREATE', 's': 19, 'op': 0, 'd': {'type': 0, 'tts': False, 'timestamp': '2022-03-23T15:34:06.707000+00:00', 'referenced_message': None, 'pinned': False, 'mentions': [], 'mention_roles': [], 'mention_everyone': False, 'member': {'roles': ['954091797708157013'], 'mute': False, 'joined_at': '2022-03-17T19:00:10.819000+00:00', 'hoisted_role': None, 'deaf': False}, 'id': '956214266380300318', 'flags': 0, 'embeds': [], 'edited_timestamp': None, 'content': 'List of current wrestlers Boblin(3,3), Godler(3,5), GMan(5,5),', 'components': [], 'channel_id': '954071355236708405', 'author': {'username': 'Wrasslin Bets Bot', 'public_flags': 0, 'id': '954070032307073085', 'discriminator': '0628', 'bot': True, 'avatar': None}, 'attachments': [], 'guild_id': '954071355236708402'}}
2022-03-23 15:34:06,750:DEBUG:discord.client:Dispatching event socket_response
2022-03-23 15:34:06,750:DEBUG:discord.client:Dispatching event message
2022-03-23 15:34:06,765:DEBUG:discord.http:POST https://discord.com/api/v7/channels/954071355236708405/messages with {"content":"List of current wrestlers Boblin(3,3), Godler(3,5), GMan(5,5), "} has returned 200
2022-03-23 15:34:06,766:DEBUG:discord.http:POST https://discord.com/api/v7/channels/954071355236708405/messages has received {'id': '956214266380300318', 'type': 0, 'content': 'List of current wrestlers Boblin(3,3), Godler(3,5), GMan(5,5),', 'channel_id': '954071355236708405', 'author': {'id': '954070032307073085', 'username': 'Wrasslin Bets Bot', 'avatar': None, 'discriminator': '0628', 'public_flags': 0, 'bot': True}, 'attachments': [], 'embeds': [], 'mentions': [], 'mention_roles': [], 'pinned': False, 'mention_everyone': False, 'tts': False, 'timestamp': '2022-03-23T15:34:06.707000+00:00', 'edited_timestamp': None, 'flags': 0, 'components': [], 'referenced_message': None}
2022-03-23 15:34:06,766:DEBUG:discord.client:Dispatching event command_completion
2022-03-23 15:34:12,316:DEBUG:discord.client:Dispatching event socket_raw_receive
2022-03-23 15:34:12,316:DEBUG:discord.gateway:For Shard ID None: WebSocket Event: {'t': 'TYPING_START', 's': 20, 'op': 0, 'd': {'user_id': '414978235135164438', 'timestamp': 1648049652, 'member': {'user': {'username': 'Minimushroomman', 'id': '414978235135164438', 'discriminator': '5418', 'avatar': 'a85cabfcec5d383d4bda34e68f895a57'}, 'roles': [], 'mute': False, 'joined_at': '2022-03-17T17:38:56.884000+00:00', 'hoisted_role': None, 'deaf': False}, 'channel_id': '954071355236708405', 'guild_id': '954071355236708402'}}
2022-03-23 15:34:12,317:DEBUG:discord.client:Dispatching event socket_response
2022-03-23 15:34:12,317:DEBUG:discord.client:Dispatching event typing
2022-03-23 15:34:15,167:DEBUG:discord.client:Dispatching event socket_raw_receive
2022-03-23 15:34:15,168:DEBUG:discord.gateway:For Shard ID None: WebSocket Event: {'t': 'MESSAGE_CREATE', 's': 21, 'op': 0, 'd': {'type': 0, 'tts': False, 'timestamp': '2022-03-23T15:34:15.122000+00:00', 'referenced_message': None, 'pinned': False, 'nonce': '956214301901717504', 'mentions': [], 'mention_roles': [], 'mention_everyone': False, 'member': {'roles': [], 'mute': False, 'joined_at': '2022-03-17T17:38:56.884000+00:00', 'hoisted_role': None, 'deaf': False}, 'id': '956214301675388968', 'flags': 0, 'embeds': [], 'edited_timestamp': None, 'content': '!delwrestler me', 'components': [], 'channel_id': '954071355236708405', 'author': {'username': 'Minimushroomman', 'public_flags': 0, 'id': '414978235135164438', 'discriminator': '5418', 'avatar': 'a85cabfcec5d383d4bda34e68f895a57'}, 'attachments': [], 'guild_id': '954071355236708402'}}
2022-03-23 15:34:15,168:DEBUG:discord.client:Dispatching event socket_response
2022-03-23 15:34:15,168:DEBUG:discord.client:Dispatching event message
2022-03-23 15:34:15,169:DEBUG:discord.client:Dispatching event command
2022-03-23 15:34:15,375:DEBUG:discord.client:Dispatching event socket_raw_receive
2022-03-23 15:34:15,375:DEBUG:discord.gateway:For Shard ID None: WebSocket Event: {'t': 'MESSAGE_CREATE', 's': 22, 'op': 0, 'd': {'type': 0, 'tts': False, 'timestamp': '2022-03-23T15:34:15.301000+00:00', 'referenced_message': None, 'pinned': False, 'mentions': [], 'mention_roles': [], 'mention_everyone': False, 'member': {'roles': ['954091797708157013'], 'mute': False, 'joined_at': '2022-03-17T19:00:10.819000+00:00', 'hoisted_role': None, 'deaf': False}, 'id': '956214302426144799', 'flags': 0, 'embeds': [], 'edited_timestamp': None, 'content': 'No wrestler with name me in database', 'components': [], 'channel_id': '954071355236708405', 'author': {'username': 'Wrasslin Bets Bot', 'public_flags': 0, 'id': '954070032307073085', 'discriminator': '0628', 'bot': True, 'avatar': None}, 'attachments': [], 'guild_id': '954071355236708402'}}
2022-03-23 15:34:15,375:DEBUG:discord.client:Dispatching event socket_response
2022-03-23 15:34:15,376:DEBUG:discord.client:Dispatching event message
2022-03-23 15:34:15,418:DEBUG:discord.http:POST https://discord.com/api/v7/channels/954071355236708405/messages with {"content":"No wrestler with name me in database"} has returned 200
2022-03-23 15:34:15,418:DEBUG:discord.http:POST https://discord.com/api/v7/channels/954071355236708405/messages has received {'id': '956214302426144799', 'type': 0, 'content': 'No wrestler with name me in database', 'channel_id': '954071355236708405', 'author': {'id': '954070032307073085', 'username': 'Wrasslin Bets Bot', 'avatar': None, 'discriminator': '0628', 'public_flags': 0, 'bot': True}, 'attachments': [], 'embeds': [], 'mentions': [], 'mention_roles': [], 'pinned': False, 'mention_everyone': False, 'tts': False, 'timestamp': '2022-03-23T15:34:15.301000+00:00', 'edited_timestamp': None, 'flags': 0, 'components': [], 'referenced_message': None}
2022-03-23 15:34:15,419:DEBUG:discord.client:Dispatching event command_completion
2022-03-23 15:34:18,044:DEBUG:discord.client:Dispatching event socket_raw_receive
2022-03-23 15:34:18,045:DEBUG:discord.gateway:For Shard ID None: WebSocket Event: {'t': 'TYPING_START', 's': 23, 'op': 0, 'd': {'user_id': '414978235135164438', 'timestamp': 1648049658, 'member': {'user': {'username': 'Minimushroomman', 'id': '414978235135164438', 'discriminator': '5418', 'avatar': 'a85cabfcec5d383d4bda34e68f895a57'}, 'roles': [], 'mute': False, 'joined_at': '2022-03-17T17:38:56.884000+00:00', 'hoisted_role': None, 'deaf': False}, 'channel_id': '954071355236708405', 'guild_id': '954071355236708402'}}
2022-03-23 15:34:18,045:DEBUG:discord.client:Dispatching event socket_response
2022-03-23 15:34:18,045:DEBUG:discord.client:Dispatching event typing
2022-03-23 15:34:25,087:DEBUG:discord.client:Dispatching event socket_raw_receive
2022-03-23 15:34:25,087:DEBUG:discord.gateway:For Shard ID None: WebSocket Event: {'t': 'MESSAGE_CREATE', 's': 24, 'op': 0, 'd': {'type': 0, 'tts': False, 'timestamp': '2022-03-23T15:34:25.052000+00:00', 'referenced_message': None, 'pinned': False, 'nonce': '956214343500824576', 'mentions': [], 'mention_roles': [], 'mention_everyone': False, 'member': {'roles': [], 'mute': False, 'joined_at': '2022-03-17T17:38:56.884000+00:00', 'hoisted_role': None, 'deaf': False}, 'id': '956214343324819456', 'flags': 0, 'embeds': [], 'edited_timestamp': None, 'content': '!delwrestler Godler', 'components': [], 'channel_id': '954071355236708405', 'author': {'username': 'Minimushroomman', 'public_flags': 0, 'id': '414978235135164438', 'discriminator': '5418', 'avatar': 'a85cabfcec5d383d4bda34e68f895a57'}, 'attachments': [], 'guild_id': '954071355236708402'}}
2022-03-23 15:34:25,088:DEBUG:discord.client:Dispatching event socket_response
2022-03-23 15:34:25,088:DEBUG:discord.client:Dispatching event message
2022-03-23 15:34:25,088:DEBUG:discord.client:Dispatching event command
2022-03-23 15:34:25,574:DEBUG:discord.client:Dispatching event socket_raw_receive
2022-03-23 15:34:25,574:DEBUG:discord.gateway:For Shard ID None: WebSocket Event: {'t': 'MESSAGE_CREATE', 's': 25, 'op': 0, 'd': {'type': 0, 'tts': False, 'timestamp': '2022-03-23T15:34:25.537000+00:00', 'referenced_message': None, 'pinned': False, 'mentions': [], 'mention_roles': [], 'mention_everyone': False, 'member': {'roles': ['954091797708157013'], 'mute': False, 'joined_at': '2022-03-17T19:00:10.819000+00:00', 'hoisted_role': None, 'deaf': False}, 'id': '956214345359044628', 'flags': 0, 'embeds': [], 'edited_timestamp': None, 'content': 'Wrestler Godler removed from database', 'components': [], 'channel_id': '954071355236708405', 'author': {'username': 'Wrasslin Bets Bot', 'public_flags': 0, 'id': '954070032307073085', 'discriminator': '0628', 'bot': True, 'avatar': None}, 'attachments': [], 'guild_id': '954071355236708402'}}
2022-03-23 15:34:25,575:DEBUG:discord.client:Dispatching event socket_response
2022-03-23 15:34:25,575:DEBUG:discord.client:Dispatching event message
2022-03-23 15:34:25,587:DEBUG:discord.http:POST https://discord.com/api/v7/channels/954071355236708405/messages with {"content":"Wrestler Godler removed from database"} has returned 200
2022-03-23 15:34:25,587:DEBUG:discord.http:POST https://discord.com/api/v7/channels/954071355236708405/messages has received {'id': '956214345359044628', 'type': 0, 'content': 'Wrestler Godler removed from database', 'channel_id': '954071355236708405', 'author': {'id': '954070032307073085', 'username': 'Wrasslin Bets Bot', 'avatar': None, 'discriminator': '0628', 'public_flags': 0, 'bot': True}, 'attachments': [], 'embeds': [], 'mentions': [], 'mention_roles': [], 'pinned': False, 'mention_everyone': False, 'tts': False, 'timestamp': '2022-03-23T15:34:25.537000+00:00', 'edited_timestamp': None, 'flags': 0, 'components': [], 'referenced_message': None}
2022-03-23 15:34:25,587:DEBUG:discord.client:Dispatching event command_completion
2022-03-23 15:34:28,082:DEBUG:discord.client:Dispatching event socket_raw_receive
2022-03-23 15:34:28,083:DEBUG:discord.gateway:For Shard ID None: WebSocket Event: {'t': 'TYPING_START', 's': 26, 'op': 0, 'd': {'user_id': '414978235135164438', 'timestamp': 1648049668, 'member': {'user': {'username': 'Minimushroomman', 'id': '414978235135164438', 'discriminator': '5418', 'avatar': 'a85cabfcec5d383d4bda34e68f895a57'}, 'roles': [], 'mute': False, 'joined_at': '2022-03-17T17:38:56.884000+00:00', 'hoisted_role': None, 'deaf': False}, 'channel_id': '954071355236708405', 'guild_id': '954071355236708402'}}
2022-03-23 15:34:28,083:DEBUG:discord.client:Dispatching event socket_response
2022-03-23 15:34:28,083:DEBUG:discord.client:Dispatching event typing
2022-03-23 15:34:28,882:DEBUG:discord.client:Dispatching event socket_raw_receive
2022-03-23 15:34:28,883:DEBUG:discord.gateway:For Shard ID None: WebSocket Event: {'t': 'MESSAGE_CREATE', 's': 27, 'op': 0, 'd': {'type': 0, 'tts': False, 'timestamp': '2022-03-23T15:34:28.828000+00:00', 'referenced_message': None, 'pinned': False, 'nonce': '956214359246241792', 'mentions': [], 'mention_roles': [], 'mention_everyone': False, 'member': {'roles': [], 'mute': False, 'joined_at': '2022-03-17T17:38:56.884000+00:00', 'hoisted_role': None, 'deaf': False}, 'id': '956214359162499172', 'flags': 0, 'embeds': [], 'edited_timestamp': None, 'content': '!list', 'components': [], 'channel_id': '954071355236708405', 'author': {'username': 'Minimushroomman', 'public_flags': 0, 'id': '414978235135164438', 'discriminator': '5418', 'avatar': 'a85cabfcec5d383d4bda34e68f895a57'}, 'attachments': [], 'guild_id': '954071355236708402'}}
2022-03-23 15:34:28,884:DEBUG:discord.client:Dispatching event socket_response
2022-03-23 15:34:28,884:DEBUG:discord.client:Dispatching event message
2022-03-23 15:34:28,884:DEBUG:discord.client:Dispatching event command
2022-03-23 15:34:29,344:DEBUG:discord.client:Dispatching event socket_raw_receive
2022-03-23 15:34:29,344:DEBUG:discord.gateway:For Shard ID None: WebSocket Event: {'t': 'MESSAGE_CREATE', 's': 28, 'op': 0, 'd': {'type': 0, 'tts': False, 'timestamp': '2022-03-23T15:34:29.293000+00:00', 'referenced_message': None, 'pinned': False, 'mentions': [], 'mention_roles': [], 'mention_everyone': False, 'member': {'roles': ['954091797708157013'], 'mute': False, 'joined_at': '2022-03-17T19:00:10.819000+00:00', 'hoisted_role': None, 'deaf': False}, 'id': '956214361112858704', 'flags': 0, 'embeds': [], 'edited_timestamp': None, 'content': 'List of current wrestlers Boblin(3,3), GMan(5,5),', 'components': [], 'channel_id': '954071355236708405', 'author': {'username': 'Wrasslin Bets Bot', 'public_flags': 0, 'id': '954070032307073085', 'discriminator': '0628', 'bot': True, 'avatar': None}, 'attachments': [], 'guild_id': '954071355236708402'}}
2022-03-23 15:34:29,344:DEBUG:discord.client:Dispatching event socket_response
2022-03-23 15:34:29,344:DEBUG:discord.client:Dispatching event message
2022-03-23 15:34:29,352:DEBUG:discord.http:POST https://discord.com/api/v7/channels/954071355236708405/messages with {"content":"List of current wrestlers Boblin(3,3), GMan(5,5), "} has returned 200
2022-03-23 15:34:29,353:DEBUG:discord.http:POST https://discord.com/api/v7/channels/954071355236708405/messages has received {'id': '956214361112858704', 'type': 0, 'content': 'List of current wrestlers Boblin(3,3), GMan(5,5),', 'channel_id': '954071355236708405', 'author': {'id': '954070032307073085', 'username': 'Wrasslin Bets Bot', 'avatar': None, 'discriminator': '0628', 'public_flags': 0, 'bot': True}, 'attachments': [], 'embeds': [], 'mentions': [], 'mention_roles': [], 'pinned': False, 'mention_everyone': False, 'tts': False, 'timestamp': '2022-03-23T15:34:29.293000+00:00', 'edited_timestamp': None, 'flags': 0, 'components': [], 'referenced_message': None}
2022-03-23 15:34:29,353:DEBUG:discord.client:Dispatching event command_completion
2022-03-23 15:34:43,651:DEBUG:discord.gateway:Keeping shard ID None websocket alive with sequence 28.
2022-03-23 15:34:43,696:DEBUG:discord.client:Dispatching event socket_raw_receive
2022-03-23 15:34:43,697:DEBUG:discord.gateway:For Shard ID None: WebSocket Event: {'t': None, 's': None, 'op': 11, 'd': None}
2022-03-23 15:34:43,700:DEBUG:discord.client:Dispatching event socket_response
2022-03-23 15:35:24,902:DEBUG:discord.gateway:Keeping shard ID None websocket alive with sequence 28.
2022-03-23 15:35:24,943:DEBUG:discord.client:Dispatching event socket_raw_receive
2022-03-23 15:35:24,943:DEBUG:discord.gateway:For Shard ID None: WebSocket Event: {'t': None, 's': None, 'op': 11, 'd': None}
2022-03-23 15:35:24,943:DEBUG:discord.client:Dispatching event socket_response
2022-03-23 15:36:06,153:DEBUG:discord.gateway:Keeping shard ID None websocket alive with sequence 28.
2022-03-23 15:36:06,194:DEBUG:discord.client:Dispatching event socket_raw_receive
2022-03-23 15:36:06,194:DEBUG:discord.gateway:For Shard ID None: WebSocket Event: {'t': None, 's': None, 'op': 11, 'd': None}
2022-03-23 15:36:06,195:DEBUG:discord.client:Dispatching event socket_response
2022-03-23 15:36:47,405:DEBUG:discord.gateway:Keeping shard ID None websocket alive with sequence 28.
2022-03-23 15:36:47,451:DEBUG:discord.client:Dispatching event socket_raw_receive
2022-03-23 15:36:47,451:DEBUG:discord.gateway:For Shard ID None: WebSocket Event: {'t': None, 's': None, 'op': 11, 'd': None}
2022-03-23 15:36:47,451:DEBUG:discord.client:Dispatching event socket_response
2022-03-23 15:37:28,656:DEBUG:discord.gateway:Keeping shard ID None websocket alive with sequence 28.
2022-03-23 15:37:28,698:DEBUG:discord.client:Dispatching event socket_raw_receive
2022-03-23 15:37:28,698:DEBUG:discord.gateway:For Shard ID None: WebSocket Event: {'t': None, 's': None, 'op': 11, 'd': None}
2022-03-23 15:37:28,698:DEBUG:discord.client:Dispatching event socket_response
2022-03-23 15:38:09,908:DEBUG:discord.gateway:Keeping shard ID None websocket alive with sequence 28.
2022-03-23 15:38:09,947:DEBUG:discord.client:Dispatching event socket_raw_receive
2022-03-23 15:38:09,948:DEBUG:discord.gateway:For Shard ID None: WebSocket Event: {'t': None, 's': None, 'op': 11, 'd': None}
2022-03-23 15:38:09,948:DEBUG:discord.client:Dispatching event socket_response
2022-03-23 15:38:51,160:DEBUG:discord.gateway:Keeping shard ID None websocket alive with sequence 28.
2022-03-23 15:38:51,198:DEBUG:discord.client:Dispatching event socket_raw_receive
2022-03-23 15:38:51,199:DEBUG:discord.gateway:For Shard ID None: WebSocket Event: {'t': None, 's': None, 'op': 11, 'd': None}
2022-03-23 15:38:51,199:DEBUG:discord.client:Dispatching event socket_response
